<?xml version="1.0"?>

<!DOCTYPE suppressions PUBLIC
    "-//Puppy Crawl//DTD Suppressions 1.1//EN"
    "http://www.puppycrawl.com/dtds/suppressions_1_1.dtd">

<suppressions>

  <!-- Do not check any generated file. -->
  <suppress files="[/\\]target[/\\]" checks=".*"/>

  <!-- Exclusions for tests only. -->
  <suppress checks="AvoidStarImport" files=".*(Test|Mother)\.java"/>
  <suppress checks="MethodName" files=".*(Test|Mother)\.java"/>
  <suppress checks="JavadocType" files=".*(Test|Mother)\.java"/>
  <suppress checks="JavadocMethod" files=".*(Test|Mother)\.java"/>
  <suppress checks="JavadocVariable" files=".*(Test|Mother)\.java"/>
  <suppress checks="JavadocStyle" files=".*(Test|Mother)\.java"/>

  <!-- vim: set ts=2 et sw=2 ai: -->
</suppressions>

